生成启动时间为 6/17/2013 1:58:45 AM。
     1>项目“E:\QRobot_Usher.git\xyh\QRob_Usher\QRob_Usher\QRob_Usher.vcxproj”在节点 2 上(build 个目标)。
     1>InitializeBuildStatus:
         正在对“Debug\QRob_Usher.unsuccessfulbuild”执行 Touch 任务。
       Midl:
         所有输出均为最新。
       ClCompile:
         D:\Program Files(study)\Microsoft Visual Studio 10.0\VC\bin\CL.exe /c /ZI /nologo /W3 /WX- /Od /Oy- /D WIN32 /D _WINDOWS /D _DEBUG /D _USRDLL /D _WINDLL /D _UNICODE /D UNICODE /D _AFXDLL /Gm /EHsc /RTC1 /MDd /GS /fp:precise /Zc:wchar_t /Zc:forScope /Yc"StdAfx.h" /Fp"Debug\QRob_Usher.pch" /Fo"Debug\\" /Fd"Debug\vc100.pdb" /Gd /TP /analyze- /errorReport:prompt stdafx.cpp
         stdafx.cpp
         D:\Program Files(study)\Microsoft Visual Studio 10.0\VC\bin\CL.exe /c /ZI /nologo /W3 /WX- /Od /Oy- /D WIN32 /D _WINDOWS /D _DEBUG /D _USRDLL /D _WINDLL /D _UNICODE /D UNICODE /D _AFXDLL /Gm /EHsc /RTC1 /MDd /GS /fp:precise /Zc:wchar_t /Zc:forScope /Yu"StdAfx.h" /Fp"Debug\QRob_Usher.pch" /Fo"Debug\\" /Fd"Debug\vc100.pdb" /Gd /TP /analyze- /errorReport:prompt CDQrobotEvent.cpp DlgMain.cpp QRob_Usher.cpp QRob_UsherCtrl.cpp QRob_UsherPropPage.cpp
         QRob_UsherPropPage.cpp
     1>e:\qrobot_usher.git\xyh\qrob_usher\qrob_usher\resource.h(22): warning C4005: “IDC_QROBOTEVENT”: 宏重定义
                 e:\qrobot_usher.git\xyh\qrob_usher\qrob_usher\resource.h(19) : 参见“IDC_QROBOTEVENT”的前一个定义
         QRob_UsherCtrl.cpp
     1>e:\qrobot_usher.git\xyh\qrob_usher\qrob_usher\resource.h(22): warning C4005: “IDC_QROBOTEVENT”: 宏重定义
                 e:\qrobot_usher.git\xyh\qrob_usher\qrob_usher\resource.h(19) : 参见“IDC_QROBOTEVENT”的前一个定义
         QRob_Usher.cpp
     1>e:\qrobot_usher.git\xyh\qrob_usher\qrob_usher\resource.h(22): warning C4005: “IDC_QROBOTEVENT”: 宏重定义
                 e:\qrobot_usher.git\xyh\qrob_usher\qrob_usher\resource.h(19) : 参见“IDC_QROBOTEVENT”的前一个定义
         DlgMain.cpp
     1>e:\qrobot_usher.git\xyh\qrob_usher\qrob_usher\resource.h(22): warning C4005: “IDC_QROBOTEVENT”: 宏重定义
                 e:\qrobot_usher.git\xyh\qrob_usher\qrob_usher\resource.h(19) : 参见“IDC_QROBOTEVENT”的前一个定义
         CDQrobotEvent.cpp
         正在生成代码...
       ResourceCompile:
         C:\Program Files\Microsoft SDKs\Windows\v7.0A\bin\rc.exe /D _DEBUG /D _UNICODE /D UNICODE /D _AFXDLL /l"0x0804" /IDebug\ /nologo /fo"Debug\QRob_Usher.res" QRob_Usher.rc 
     1>resource.h(22): warning RC4005: 'IDC_QROBOTEVENT' : redefinition
         
       ManifestResourceCompile:
         所有输出均为最新。
       Link:
         D:\Program Files(study)\Microsoft Visual Studio 10.0\VC\bin\link.exe /ERRORREPORT:PROMPT /OUT:"E:\QRobot_Usher.git\xyh\QRob_Usher\Debug\QRob_Usher.ocx" /INCREMENTAL /NOLOGO /DEF:".\QRob_Usher.def" /MANIFEST /ManifestFile:"Debug\QRob_Usher.ocx.intermediate.manifest" /MANIFESTUAC:"level='asInvoker' uiAccess='false'" /DEBUG /PDB:"E:\QRobot_Usher.git\xyh\QRob_Usher\Debug\QRob_Usher.pdb" /SUBSYSTEM:WINDOWS /TLBID:1 /DYNAMICBASE /NXCOMPAT /IMPLIB:"E:\QRobot_Usher.git\xyh\QRob_Usher\Debug\QRob_Usher.lib" /MACHINE:X86 /DLL Debug\QRob_Usher.res
         Debug\QRob_Usher.ocx.embed.manifest.res
         Debug\CDQrobotEvent.obj
         Debug\DlgMain.obj
         Debug\QRob_Usher.obj
         Debug\QRob_UsherCtrl.obj
         Debug\QRob_UsherPropPage.obj
         Debug\stdafx.obj
       Manifest:
         C:\Program Files\Microsoft SDKs\Windows\v7.0A\bin\mt.exe /nologo /verbose /out:"Debug\QRob_Usher.ocx.embed.manifest" /manifest Debug\QRob_Usher.ocx.intermediate.manifest "D:\Program Files(study)\Microsoft Visual Studio 10.0\VC\Include\Manifest\dpiaware.manifest"
         所有输出均为最新。
       LinkEmbedManifest:
         所有输出均为最新。
         QRob_Usher.vcxproj -> E:\QRobot_Usher.git\xyh\QRob_Usher\Debug\QRob_Usher.ocx
       RegisterOutput:
         regsvr32 /s "E:\QRobot_Usher.git\xyh\QRob_Usher\Debug\QRob_Usher.ocx"
       FinalizeBuildStatus:
         正在删除文件“Debug\QRob_Usher.unsuccessfulbuild”。
         正在对“Debug\QRob_Usher.lastbuildstate”执行 Touch 任务。
     1>已完成生成项目“E:\QRobot_Usher.git\xyh\QRob_Usher\QRob_Usher\QRob_Usher.vcxproj”(build 个目标)的操作。

生成成功。

已用时间 00:00:12.30
