Build started 2013-6-19 11:03:30.
     1>Project "C:\Documents and Settings\SSE\My Documents\GitHub\QRobot_Usher\zyf\facerec\facerec\facerec.vcxproj" on node 2 (build target(s)).
     1>InitializeBuildStatus:
         Creating "Debug\facerec.unsuccessfulbuild" because "AlwaysCreate" was specified.
       ClCompile:
         C:\Program Files\Microsoft Visual Studio 10.0\VC\bin\CL.exe /c /ZI /nologo /W3 /WX- /Od /Oy- /D WIN32 /D _DEBUG /D _CONSOLE /D _UNICODE /D UNICODE /Gm /EHsc /RTC1 /MDd /GS /fp:precise /Zc:wchar_t /Zc:forScope /Fo"Debug\\" /Fd"Debug\vc100.pdb" /Gd /TP /analyze- /errorReport:prompt main.cpp
         main.cpp
       ManifestResourceCompile:
         All outputs are up-to-date.
       Link:
         C:\Program Files\Microsoft Visual Studio 10.0\VC\bin\link.exe /ERRORREPORT:PROMPT /OUT:"C:\Documents and Settings\SSE\My Documents\GitHub\QRobot_Usher\zyf\facerec\Debug\facerec.exe" /INCREMENTAL /NOLOGO opencv_calib3d245d.lib opencv_contrib245d.lib opencv_core245d.lib opencv_features2d245d.lib opencv_flann245d.lib opencv_gpu245d.lib opencv_highgui245d.lib opencv_imgproc245d.lib opencv_legacy245d.lib opencv_ml245d.lib opencv_objdetect245d.lib opencv_ts245d.lib opencv_video245d.lib kernel32.lib user32.lib gdi32.lib winspool.lib comdlg32.lib advapi32.lib shell32.lib ole32.lib oleaut32.lib uuid.lib odbc32.lib odbccp32.lib /MANIFEST /ManifestFile:"Debug\facerec.exe.intermediate.manifest" /MANIFESTUAC:"level='asInvoker' uiAccess='false'" /DEBUG /PDB:"C:\Documents and Settings\SSE\My Documents\GitHub\QRobot_Usher\zyf\facerec\Debug\facerec.pdb" /SUBSYSTEM:CONSOLE /TLBID:1 /DYNAMICBASE /NXCOMPAT /IMPLIB:"C:\Documents and Settings\SSE\My Documents\GitHub\QRobot_Usher\zyf\facerec\Debug\facerec.lib" /MACHINE:X86 Debug\facerec.exe.embed.manifest.res
         Debug\main.obj
       Manifest:
         C:\Program Files\Microsoft SDKs\Windows\v7.0A\bin\mt.exe /nologo /verbose /out:"Debug\facerec.exe.embed.manifest" /manifest Debug\facerec.exe.intermediate.manifest
         All outputs are up-to-date.
       LinkEmbedManifest:
         All outputs are up-to-date.
         facerec.vcxproj -> C:\Documents and Settings\SSE\My Documents\GitHub\QRobot_Usher\zyf\facerec\Debug\facerec.exe
       FinalizeBuildStatus:
         Deleting file "Debug\facerec.unsuccessfulbuild".
         Touching "Debug\facerec.lastbuildstate".
     1>Done Building Project "C:\Documents and Settings\SSE\My Documents\GitHub\QRobot_Usher\zyf\facerec\facerec\facerec.vcxproj" (build target(s)).

Build succeeded.

Time Elapsed 00:00:02.59
